{"timestamp": "2025-12-01T00:45:26.685059Z", "log_level": "INFO", "logger_name": "__main__", "message": "Step 1: Data Preprocessing", "module": "train_model", "function": "main", "line_number": 392}
{"timestamp": "2025-12-01T00:45:26.817869Z", "log_level": "INFO", "logger_name": "__main__", "message": "\nStep 2: Model Training", "module": "train_model", "function": "main", "line_number": 397}
{"timestamp": "2025-12-01T00:46:26.877770Z", "log_level": "ERROR", "logger_name": "__main__", "message": "Error setting up MLflow: API request to http://localhost:5001/api/2.0/mlflow/experiments/get-by-name failed with exception HTTPConnectionPool(host='localhost', port=5001): Max retries exceeded with url: /api/2.0/mlflow/experiments/get-by-name?experiment_name=air-quality-prediction (Caused by ProtocolError('Connection aborted.', ConnectionResetError(54, 'Connection reset by peer')))", "module": "train_model", "function": "__init__", "line_number": 108}
{"timestamp": "2025-12-01T00:46:26.878628Z", "log_level": "INFO", "logger_name": "__main__", "message": "Continuing without MLflow tracking", "module": "train_model", "function": "__init__", "line_number": 109}
{"timestamp": "2025-12-01T00:46:26.878828Z", "log_level": "INFO", "logger_name": "__main__", "message": "======================================================================", "module": "train_model", "function": "train_all_models", "line_number": 344}
{"timestamp": "2025-12-01T00:46:26.878936Z", "log_level": "INFO", "logger_name": "__main__", "message": "STARTING MULTI-MODEL TRAINING PIPELINE", "module": "train_model", "function": "train_all_models", "line_number": 345}
{"timestamp": "2025-12-01T00:46:26.879020Z", "log_level": "INFO", "logger_name": "__main__", "message": "======================================================================", "module": "train_model", "function": "train_all_models", "line_number": 346}
{"timestamp": "2025-12-01T00:46:26.879096Z", "log_level": "INFO", "logger_name": "__main__", "message": "\n======================================================================", "module": "train_model", "function": "train_all_models", "line_number": 352}
{"timestamp": "2025-12-01T00:46:26.879169Z", "log_level": "INFO", "logger_name": "__main__", "message": "Training Model: LOGISTIC_REGRESSION", "module": "train_model", "function": "train_all_models", "line_number": 353}
{"timestamp": "2025-12-01T00:46:26.879241Z", "log_level": "INFO", "logger_name": "__main__", "message": "======================================================================", "module": "train_model", "function": "train_all_models", "line_number": 354}
{"timestamp": "2025-12-01T00:46:26.879336Z", "log_level": "INFO", "logger_name": "__main__", "message": "Starting training for logistic_regression", "module": "train_model", "function": "train_model", "line_number": 237}
{"timestamp": "2025-12-01T01:10:34.471304Z", "log_level": "INFO", "logger_name": "__main__", "message": "Step 1: Data Preprocessing", "module": "train_model", "function": "main", "line_number": 392}
{"timestamp": "2025-12-01T01:10:34.615305Z", "log_level": "INFO", "logger_name": "__main__", "message": "\nStep 2: Model Training", "module": "train_model", "function": "main", "line_number": 397}
{"timestamp": "2025-12-01T01:10:34.619771Z", "log_level": "INFO", "logger_name": "__main__", "message": "Created new MLflow experiment: air-quality-prediction", "module": "train_model", "function": "__init__", "line_number": 101}
{"timestamp": "2025-12-01T01:10:34.620517Z", "log_level": "INFO", "logger_name": "__main__", "message": "======================================================================", "module": "train_model", "function": "train_all_models", "line_number": 344}
{"timestamp": "2025-12-01T01:10:34.620552Z", "log_level": "INFO", "logger_name": "__main__", "message": "STARTING MULTI-MODEL TRAINING PIPELINE", "module": "train_model", "function": "train_all_models", "line_number": 345}
{"timestamp": "2025-12-01T01:10:34.620577Z", "log_level": "INFO", "logger_name": "__main__", "message": "======================================================================", "module": "train_model", "function": "train_all_models", "line_number": 346}
{"timestamp": "2025-12-01T01:10:34.620603Z", "log_level": "INFO", "logger_name": "__main__", "message": "\n======================================================================", "module": "train_model", "function": "train_all_models", "line_number": 352}
{"timestamp": "2025-12-01T01:10:34.620773Z", "log_level": "INFO", "logger_name": "__main__", "message": "Training Model: LOGISTIC_REGRESSION", "module": "train_model", "function": "train_all_models", "line_number": 353}
{"timestamp": "2025-12-01T01:10:34.620883Z", "log_level": "INFO", "logger_name": "__main__", "message": "======================================================================", "module": "train_model", "function": "train_all_models", "line_number": 354}
{"timestamp": "2025-12-01T01:10:34.621030Z", "log_level": "INFO", "logger_name": "__main__", "message": "Starting training for logistic_regression", "module": "train_model", "function": "train_model", "line_number": 237}
{"timestamp": "2025-12-01T01:10:34.690129Z", "log_level": "INFO", "logger_name": "__main__", "message": "Training logistic_regression with 7460 samples...", "module": "train_model", "function": "train_model", "line_number": 260}
{"timestamp": "2025-12-01T01:10:34.918968Z", "log_level": "INFO", "logger_name": "__main__", "message": "Training completed in 0.23 seconds", "module": "train_model", "function": "train_model", "line_number": 264}
{"timestamp": "2025-12-01T01:10:36.504511Z", "log_level": "INFO", "logger_name": "__main__", "message": "Model training complete: logistic_regression", "module": "", "function": null, "line_number": 0, "model_name": "logistic_regression", "training_time_seconds": 0.229, "n_samples": 7460, "n_features": 22, "train_accuracy": 0.9923592493297587, "train_precision": 0.9923580603989214, "train_recall": 0.9923592493297587, "train_f1_score": 0.9923586322503606, "train_roc_auc": 0.9998801376814911, "train_true_positives": 7403, "train_false_positives": 57, "train_true_negatives": 14863, "train_false_negatives": 57, "test_accuracy": 0.9914255091103966, "test_precision": 0.9914199255144445, "test_recall": 0.9914255091103966, "test_f1_score": 0.9914154993451044, "test_roc_auc": 0.9997903681656067, "test_true_positives": 1850, "test_false_positives": 16, "test_true_negatives": 3716, "test_false_negatives": 16}
{"timestamp": "2025-12-01T01:10:36.504589Z", "log_level": "INFO", "logger_name": "__main__", "message": "\nLOGISTIC_REGRESSION Results:", "module": "train_model", "function": "train_model", "line_number": 323}
{"timestamp": "2025-12-01T01:10:36.504640Z", "log_level": "INFO", "logger_name": "__main__", "message": "  Train Accuracy: 0.9924", "module": "train_model", "function": "train_model", "line_number": 324}
{"timestamp": "2025-12-01T01:10:36.504667Z", "log_level": "INFO", "logger_name": "__main__", "message": "  Test Accuracy: 0.9914", "module": "train_model", "function": "train_model", "line_number": 325}
{"timestamp": "2025-12-01T01:10:36.504690Z", "log_level": "INFO", "logger_name": "__main__", "message": "  Test F1 Score: 0.9914", "module": "train_model", "function": "train_model", "line_number": 326}
{"timestamp": "2025-12-01T01:10:36.504711Z", "log_level": "INFO", "logger_name": "__main__", "message": "  Training Time: 0.23s", "module": "train_model", "function": "train_model", "line_number": 327}
{"timestamp": "2025-12-01T01:10:36.505234Z", "log_level": "INFO", "logger_name": "__main__", "message": "\n======================================================================", "module": "train_model", "function": "train_all_models", "line_number": 352}
{"timestamp": "2025-12-01T01:10:36.505267Z", "log_level": "INFO", "logger_name": "__main__", "message": "Training Model: RANDOM_FOREST", "module": "train_model", "function": "train_all_models", "line_number": 353}
{"timestamp": "2025-12-01T01:10:36.505290Z", "log_level": "INFO", "logger_name": "__main__", "message": "======================================================================", "module": "train_model", "function": "train_all_models", "line_number": 354}
{"timestamp": "2025-12-01T01:10:36.505319Z", "log_level": "INFO", "logger_name": "__main__", "message": "Starting training for random_forest", "module": "train_model", "function": "train_model", "line_number": 237}
{"timestamp": "2025-12-01T01:10:36.511061Z", "log_level": "INFO", "logger_name": "__main__", "message": "Training random_forest with 7460 samples...", "module": "train_model", "function": "train_model", "line_number": 260}
{"timestamp": "2025-12-01T01:10:36.636735Z", "log_level": "INFO", "logger_name": "__main__", "message": "Training completed in 0.13 seconds", "module": "train_model", "function": "train_model", "line_number": 264}
{"timestamp": "2025-12-01T01:10:38.195326Z", "log_level": "INFO", "logger_name": "__main__", "message": "Model training complete: random_forest", "module": "", "function": null, "line_number": 0, "model_name": "random_forest", "training_time_seconds": 0.126, "n_samples": 7460, "n_features": 22, "train_accuracy": 0.9998659517426274, "train_precision": 0.9998660132891184, "train_recall": 0.9998659517426274, "train_f1_score": 0.9998659242510629, "train_roc_auc": 1.0, "train_true_positives": 7459, "train_false_positives": 1, "train_true_negatives": 14919, "train_false_negatives": 1, "test_accuracy": 0.9983922829581994, "test_precision": 0.9984010843288662, "test_recall": 0.9983922829581994, "test_f1_score": 0.9983882578788307, "test_roc_auc": 1.0, "test_true_positives": 1863, "test_false_positives": 3, "test_true_negatives": 3729, "test_false_negatives": 3}
{"timestamp": "2025-12-01T01:10:38.195708Z", "log_level": "INFO", "logger_name": "__main__", "message": "\nRANDOM_FOREST Results:", "module": "train_model", "function": "train_model", "line_number": 323}
{"timestamp": "2025-12-01T01:10:38.195804Z", "log_level": "INFO", "logger_name": "__main__", "message": "  Train Accuracy: 0.9999", "module": "train_model", "function": "train_model", "line_number": 324}
{"timestamp": "2025-12-01T01:10:38.195832Z", "log_level": "INFO", "logger_name": "__main__", "message": "  Test Accuracy: 0.9984", "module": "train_model", "function": "train_model", "line_number": 325}
{"timestamp": "2025-12-01T01:10:38.195855Z", "log_level": "INFO", "logger_name": "__main__", "message": "  Test F1 Score: 0.9984", "module": "train_model", "function": "train_model", "line_number": 326}
{"timestamp": "2025-12-01T01:10:38.195877Z", "log_level": "INFO", "logger_name": "__main__", "message": "  Training Time: 0.13s", "module": "train_model", "function": "train_model", "line_number": 327}
{"timestamp": "2025-12-01T01:10:38.196492Z", "log_level": "INFO", "logger_name": "__main__", "message": "\n======================================================================", "module": "train_model", "function": "train_all_models", "line_number": 352}
{"timestamp": "2025-12-01T01:10:38.196540Z", "log_level": "INFO", "logger_name": "__main__", "message": "Training Model: XGBOOST", "module": "train_model", "function": "train_all_models", "line_number": 353}
{"timestamp": "2025-12-01T01:10:38.196570Z", "log_level": "INFO", "logger_name": "__main__", "message": "======================================================================", "module": "train_model", "function": "train_all_models", "line_number": 354}
{"timestamp": "2025-12-01T01:10:38.196598Z", "log_level": "INFO", "logger_name": "__main__", "message": "Starting training for xgboost", "module": "train_model", "function": "train_model", "line_number": 237}
{"timestamp": "2025-12-01T01:10:38.202302Z", "log_level": "INFO", "logger_name": "__main__", "message": "Training xgboost with 7460 samples...", "module": "train_model", "function": "train_model", "line_number": 260}
{"timestamp": "2025-12-01T01:10:38.504152Z", "log_level": "INFO", "logger_name": "__main__", "message": "Training completed in 0.30 seconds", "module": "train_model", "function": "train_model", "line_number": 264}
{"timestamp": "2025-12-01T01:10:39.601556Z", "log_level": "INFO", "logger_name": "__main__", "message": "Model training complete: xgboost", "module": "", "function": null, "line_number": 0, "model_name": "xgboost", "training_time_seconds": 0.302, "n_samples": 7460, "n_features": 22, "train_accuracy": 1.0, "train_precision": 1.0, "train_recall": 1.0, "train_f1_score": 1.0, "train_roc_auc": 1.0, "train_true_positives": 7460, "train_false_positives": 0, "train_true_negatives": 14920, "train_false_negatives": 0, "test_accuracy": 1.0, "test_precision": 1.0, "test_recall": 1.0, "test_f1_score": 1.0, "test_roc_auc": 1.0, "test_true_positives": 1866, "test_false_positives": 0, "test_true_negatives": 3732, "test_false_negatives": 0}
{"timestamp": "2025-12-01T01:10:39.601718Z", "log_level": "INFO", "logger_name": "__main__", "message": "\nXGBOOST Results:", "module": "train_model", "function": "train_model", "line_number": 323}
{"timestamp": "2025-12-01T01:10:39.601775Z", "log_level": "INFO", "logger_name": "__main__", "message": "  Train Accuracy: 1.0000", "module": "train_model", "function": "train_model", "line_number": 324}
{"timestamp": "2025-12-01T01:10:39.601800Z", "log_level": "INFO", "logger_name": "__main__", "message": "  Test Accuracy: 1.0000", "module": "train_model", "function": "train_model", "line_number": 325}
{"timestamp": "2025-12-01T01:10:39.601823Z", "log_level": "INFO", "logger_name": "__main__", "message": "  Test F1 Score: 1.0000", "module": "train_model", "function": "train_model", "line_number": 326}
{"timestamp": "2025-12-01T01:10:39.601845Z", "log_level": "INFO", "logger_name": "__main__", "message": "  Training Time: 0.30s", "module": "train_model", "function": "train_model", "line_number": 327}
{"timestamp": "2025-12-01T01:10:39.602326Z", "log_level": "INFO", "logger_name": "__main__", "message": "\n======================================================================", "module": "train_model", "function": "train_all_models", "line_number": 371}
{"timestamp": "2025-12-01T01:10:39.602366Z", "log_level": "INFO", "logger_name": "__main__", "message": "BEST MODEL: XGBOOST", "module": "train_model", "function": "train_all_models", "line_number": 372}
{"timestamp": "2025-12-01T01:10:39.602396Z", "log_level": "INFO", "logger_name": "__main__", "message": "Test F1 Score: 1.0000", "module": "train_model", "function": "train_all_models", "line_number": 373}
{"timestamp": "2025-12-01T01:10:39.602421Z", "log_level": "INFO", "logger_name": "__main__", "message": "======================================================================", "module": "train_model", "function": "train_all_models", "line_number": 374}
{"timestamp": "2025-12-01T01:10:39.604494Z", "log_level": "INFO", "logger_name": "__main__", "message": "Best model saved to models/best_model.pkl", "module": "train_model", "function": "train_all_models", "line_number": 383}
{"timestamp": "2025-12-01T01:10:39.604551Z", "log_level": "INFO", "logger_name": "__main__", "message": "\n======================================================================", "module": "train_model", "function": "main", "line_number": 406}
{"timestamp": "2025-12-01T01:10:39.604584Z", "log_level": "INFO", "logger_name": "__main__", "message": "TRAINING PIPELINE COMPLETE", "module": "train_model", "function": "main", "line_number": 407}
{"timestamp": "2025-12-01T01:10:39.604610Z", "log_level": "INFO", "logger_name": "__main__", "message": "======================================================================", "module": "train_model", "function": "main", "line_number": 408}
{"timestamp": "2025-12-01T01:10:39.604635Z", "log_level": "INFO", "logger_name": "__main__", "message": "Total models trained: 3", "module": "train_model", "function": "main", "line_number": 409}
{"timestamp": "2025-12-01T01:10:39.604757Z", "log_level": "INFO", "logger_name": "__main__", "message": "Check MLflow UI at http://localhost:5000 for experiment tracking", "module": "train_model", "function": "main", "line_number": 410}
{"timestamp": "2025-12-01T01:10:39.604864Z", "log_level": "INFO", "logger_name": "__main__", "message": "Check Kibana at http://localhost:5601 for log visualization", "module": "train_model", "function": "main", "line_number": 411}
{"timestamp": "2025-12-01T02:20:26.100272Z", "log_level": "INFO", "logger_name": "__main__", "message": "Step 1: Data Preprocessing", "module": "train_model", "function": "main", "line_number": 392}
{"timestamp": "2025-12-01T02:20:26.247070Z", "log_level": "INFO", "logger_name": "__main__", "message": "\nStep 2: Model Training", "module": "train_model", "function": "main", "line_number": 397}
{"timestamp": "2025-12-01T02:20:26.305977Z", "log_level": "INFO", "logger_name": "__main__", "message": "Created new MLflow experiment: air-quality-prediction", "module": "train_model", "function": "__init__", "line_number": 101}
{"timestamp": "2025-12-01T02:20:26.312157Z", "log_level": "INFO", "logger_name": "__main__", "message": "======================================================================", "module": "train_model", "function": "train_all_models", "line_number": 344}
{"timestamp": "2025-12-01T02:20:26.312249Z", "log_level": "INFO", "logger_name": "__main__", "message": "STARTING MULTI-MODEL TRAINING PIPELINE", "module": "train_model", "function": "train_all_models", "line_number": 345}
{"timestamp": "2025-12-01T02:20:26.312284Z", "log_level": "INFO", "logger_name": "__main__", "message": "======================================================================", "module": "train_model", "function": "train_all_models", "line_number": 346}
{"timestamp": "2025-12-01T02:20:26.312320Z", "log_level": "INFO", "logger_name": "__main__", "message": "\n======================================================================", "module": "train_model", "function": "train_all_models", "line_number": 352}
{"timestamp": "2025-12-01T02:20:26.312350Z", "log_level": "INFO", "logger_name": "__main__", "message": "Training Model: LOGISTIC_REGRESSION", "module": "train_model", "function": "train_all_models", "line_number": 353}
{"timestamp": "2025-12-01T02:20:26.312452Z", "log_level": "INFO", "logger_name": "__main__", "message": "======================================================================", "module": "train_model", "function": "train_all_models", "line_number": 354}
{"timestamp": "2025-12-01T02:20:26.312562Z", "log_level": "INFO", "logger_name": "__main__", "message": "Starting training for logistic_regression", "module": "train_model", "function": "train_model", "line_number": 237}
{"timestamp": "2025-12-01T02:20:26.474790Z", "log_level": "INFO", "logger_name": "__main__", "message": "Training logistic_regression with 7460 samples...", "module": "train_model", "function": "train_model", "line_number": 260}
{"timestamp": "2025-12-01T02:20:26.696083Z", "log_level": "INFO", "logger_name": "__main__", "message": "Training completed in 0.22 seconds", "module": "train_model", "function": "train_model", "line_number": 264}
